[+] Containers:
 |- [+] Container: /Game/Levels/TopDownMap
 |   |- [+] ActorDescs:
 |   |   |- Guid:147C8D134B12D635012D5F8C57D2C96F BaseClass: NativeClass:/Script/Engine.PostProcessVolume Name:PostProcessVolume_1 Label:PostProcessVolume SpatiallyLoaded:0 Bounds:IsValid=true, Min=(X=0.000 Y=0.000 Z=400.000), Max=(X=200.000 Y=200.000 Z=600.000) RuntimeGrid:None EditorOnly:0 RuntimeOnly:0 HLODRelevant:0 ListedInSceneOutliner:1 IsMainWorldOnly:0 FolderPath:Lighting FolderGuid:4C9334684BA61B42C769F799D2576455
 |   |   |- Guid:1742DF43475F097453197AA79C7473D9 BaseClass: NativeClass:/Script/Engine.SkyLight Name:SkyLight_1 Label:SkyLight SpatiallyLoaded:0 Bounds:IsValid=true, Min=(X=0.000 Y=0.000 Z=690.000), Max=(X=0.000 Y=0.000 Z=690.000) RuntimeGrid:None EditorOnly:0 RuntimeOnly:0 HLODRelevant:0 ListedInSceneOutliner:1 IsMainWorldOnly:0 FolderPath:Lighting FolderGuid:4C9334684BA61B42C769F799D2576455
 |   |   |- Guid:1FEC8FAC495CEF0CE32492ADCBB96BAE BaseClass: NativeClass:/Script/AIModule.NavLinkProxy Name:NavLinkProxy_3 Label:NavLinkProxy3 SpatiallyLoaded:1 Bounds:IsValid=true, Min=(X=2240.000 Y=1030.000 Z=90.000), Max=(X=2240.000 Y=1030.000 Z=90.000) RuntimeGrid:None EditorOnly:0 RuntimeOnly:0 HLODRelevant:0 ListedInSceneOutliner:1 IsMainWorldOnly:0 FolderPath:Navigation FolderGuid:AE45D61F453CC144CF8289862C276E89
 |   |   |- Guid:2169CB5C470E0E674279BA96829753DD BaseClass: NativeClass:/Script/Engine.StaticMeshActor Name:StaticMeshActor_17 Label:SM_Cube SpatiallyLoaded:1 Bounds:IsValid=true, Min=(X=0.000 Y=0.000 Z=-50.000), Max=(X=3000.000 Y=3500.000 Z=0.000) RuntimeGrid:None EditorOnly:0 RuntimeOnly:0 HLODRelevant:1 ListedInSceneOutliner:1 IsMainWorldOnly:0 FolderPath:Playground FolderGuid:9FE5E8B349AF71F05F2688921F3F2AC5
 |   |   |- Guid:2DF0D95440BE0EDA81652F860DC7268E BaseClass: NativeClass:/Script/Engine.WorldDataLayers Name:WorldDataLayers Label:WorldDataLayers SpatiallyLoaded:0 Bounds:Invalid RuntimeGrid:None EditorOnly:0 RuntimeOnly:0 HLODRelevant:0 ListedInSceneOutliner:1 IsMainWorldOnly:1
 |   |   |- Guid:6252C7D64ACF162A73EE65B11FE214D1 BaseClass: NativeClass:/Script/Engine.SkyAtmosphere Name:SkyAtmosphere_1 Label:SkyAtmosphere SpatiallyLoaded:0 Bounds:IsValid=true, Min=(X=0.000 Y=0.000 Z=1020.000), Max=(X=0.000 Y=0.000 Z=1020.000) RuntimeGrid:None EditorOnly:0 RuntimeOnly:0 HLODRelevant:0 ListedInSceneOutliner:1 IsMainWorldOnly:0 FolderPath:Lighting FolderGuid:4C9334684BA61B42C769F799D2576455
 |   |   |- Guid:66BCBF874D2A22ADC6523B95EE812CA3 BaseClass: NativeClass:/Script/Engine.StaticMeshActor Name:StaticMeshActor_UAID_A4AE111137DC5CFB00_1660657071 Label:SM_SkySphere SpatiallyLoaded:0 Bounds:IsValid=true, Min=(X=-1638400.000 Y=-1638400.000 Z=-1638400.000), Max=(X=1638400.000 Y=1638400.000 Z=1638400.000) RuntimeGrid:None EditorOnly:0 RuntimeOnly:0 HLODRelevant:0 ListedInSceneOutliner:1 IsMainWorldOnly:0 FolderPath:Lighting FolderGuid:4C9334684BA61B42C769F799D2576455
 |   |   |- Guid:6D754A384D34A5B325958C9A02B19C76 BaseClass:/Game/Blueprints/EmberEnemy.EmberEnemy_C NativeClass:/Script/Engine.Actor Name:EmberEnemy_C_UAID_B07D6414A2B1402602_1432046887 Label:EmberEnemy SpatiallyLoaded:1 Bounds:IsValid=true, Min=(X=688.000 Y=1368.000 Z=9.500), Max=(X=812.000 Y=1432.000 Z=130.500) RuntimeGrid:None EditorOnly:0 RuntimeOnly:0 HLODRelevant:0 ListedInSceneOutliner:1 IsMainWorldOnly:0
 |   |   |- Guid:77F893B3468595EE782136AD620D7EF4 BaseClass: NativeClass:/Script/Engine.VolumetricCloud Name:VolumetricCloud_0 Label:VolumetricCloud SpatiallyLoaded:0 Bounds:IsValid=true, Min=(X=0.000 Y=0.000 Z=820.000), Max=(X=0.000 Y=0.000 Z=820.000) RuntimeGrid:None EditorOnly:0 RuntimeOnly:0 HLODRelevant:0 ListedInSceneOutliner:1 IsMainWorldOnly:0 FolderPath:Lighting FolderGuid:4C9334684BA61B42C769F799D2576455
 |   |   |- Guid:9F14FC6C49373B30142127A6998E5977 BaseClass:/Game/Blueprints/EmberEnemy.EmberEnemy_C NativeClass:/Script/Engine.Actor Name:EmberEnemy_C_UAID_B07D6414A2B1422602_1629644242 Label:EmberEnemy3 SpatiallyLoaded:1 Bounds:IsValid=true, Min=(X=1178.000 Y=1738.000 Z=119.500), Max=(X=1302.000 Y=1802.000 Z=240.500) RuntimeGrid:None EditorOnly:0 RuntimeOnly:0 HLODRelevant:0 ListedInSceneOutliner:1 IsMainWorldOnly:0
 |   |   |- Guid:A2340B5E4BBC3643EE017887A4711F8F BaseClass:/Game/Blueprints/EmberEnemy.EmberEnemy_C NativeClass:/Script/Engine.Actor Name:EmberEnemy_C_UAID_B07D6414A2B1422602_1637730245 Label:EmberEnemy6 SpatiallyLoaded:1 Bounds:IsValid=true, Min=(X=648.000 Y=1738.000 Z=89.500), Max=(X=772.000 Y=1802.000 Z=210.500) RuntimeGrid:None EditorOnly:0 RuntimeOnly:0 HLODRelevant:0 ListedInSceneOutliner:1 IsMainWorldOnly:0
 |   |   |- Guid:AD22B6514F28D2D0811912A5AA8B5FD0 BaseClass:/Game/Blueprints/EmberEnemy.EmberEnemy_C NativeClass:/Script/Engine.Actor Name:EmberEnemy_C_UAID_B07D6414A2B1422602_1609545241 Label:EmberEnemy2 SpatiallyLoaded:1 Bounds:IsValid=true, Min=(X=8.000 Y=2498.000 Z=549.500), Max=(X=132.000 Y=2562.000 Z=670.500) RuntimeGrid:None EditorOnly:0 RuntimeOnly:0 HLODRelevant:0 ListedInSceneOutliner:1 IsMainWorldOnly:0
 |   |   |- Guid:AECEEEE741E6DE68F6843FA49564A956 BaseClass: NativeClass:/Script/Engine.DirectionalLight Name:DirectionalLight_1 Label:DirectionalLight SpatiallyLoaded:0 Bounds:Invalid RuntimeGrid:None EditorOnly:0 RuntimeOnly:0 HLODRelevant:0 ListedInSceneOutliner:1 IsMainWorldOnly:0 FolderPath:Lighting FolderGuid:4C9334684BA61B42C769F799D2576455
 |   |   |- Guid:C279966F476A371ACD39748AC01DE4A1 BaseClass:/Game/Blueprints/EmberEnemy.EmberEnemy_C NativeClass:/Script/Engine.Actor Name:EmberEnemy_C_UAID_B07D6414A2B1422602_1634708244 Label:EmberEnemy5 SpatiallyLoaded:1 Bounds:IsValid=true, Min=(X=1368.000 Y=1628.000 Z=159.500), Max=(X=1492.000 Y=1692.000 Z=280.500) RuntimeGrid:None EditorOnly:0 RuntimeOnly:0 HLODRelevant:0 ListedInSceneOutliner:1 IsMainWorldOnly:0
 |   |   |- Guid:C99D8C944A3A0D1C7B7F6287DA1A2BCF BaseClass:/Game/Blueprints/EmberEnemy.EmberEnemy_C NativeClass:/Script/Engine.Actor Name:EmberEnemy_C_UAID_B07D6414A2B1422602_1632060243 Label:EmberEnemy4 SpatiallyLoaded:1 Bounds:IsValid=true, Min=(X=818.000 Y=1188.000 Z=179.500), Max=(X=942.000 Y=1252.000 Z=300.500) RuntimeGrid:None EditorOnly:0 RuntimeOnly:0 HLODRelevant:0 ListedInSceneOutliner:1 IsMainWorldOnly:0
 |   |   |- Guid:CCDD89584E0A9025F52AEDA51D60CA54 BaseClass: NativeClass:/Script/NavigationSystem.NavMeshBoundsVolume Name:NavMeshBoundsVolume_1 Label:NavMeshBoundsVolume SpatiallyLoaded:0 Bounds:IsValid=true, Min=(X=-100.000 Y=-100.000 Z=-110.000), Max=(X=3100.000 Y=3600.000 Z=390.000) RuntimeGrid:None EditorOnly:0 RuntimeOnly:0 HLODRelevant:0 ListedInSceneOutliner:1 IsMainWorldOnly:0 FolderPath:Navigation FolderGuid:AE45D61F453CC144CF8289862C276E89
 |   |   |- Guid:D24D61B944EF71BE7BC469B7EB239299 BaseClass: NativeClass:/Script/Engine.ExponentialHeightFog Name:ExponentialHeightFog_1 Label:ExponentialHeightFog SpatiallyLoaded:0 Bounds:IsValid=true, Min=(X=-5600.000 Y=-50.000 Z=-6850.000), Max=(X=-5600.000 Y=-50.000 Z=-6850.000) RuntimeGrid:None EditorOnly:0 RuntimeOnly:0 HLODRelevant:0 ListedInSceneOutliner:1 IsMainWorldOnly:0 FolderPath:Lighting FolderGuid:4C9334684BA61B42C769F799D2576455
 |   |   |- Guid:DA1A21F4409032F20ED4E9935A7C4244 BaseClass:/Game/Blueprints/EmberEnemy.EmberEnemy_C NativeClass:/Script/Engine.Actor Name:EmberEnemy_C_UAID_B07D6414A2B1422602_1644269247 Label:EmberEnemy8 SpatiallyLoaded:1 Bounds:IsValid=true, Min=(X=928.000 Y=2088.000 Z=129.500), Max=(X=1052.000 Y=2152.000 Z=250.500) RuntimeGrid:None EditorOnly:0 RuntimeOnly:0 HLODRelevant:0 ListedInSceneOutliner:1 IsMainWorldOnly:0
 |   |   |- Guid:E559C66348F73FF198BF459A827C297A BaseClass:/Game/Blueprints/EmberEnemy.EmberEnemy_C NativeClass:/Script/Engine.Actor Name:EmberEnemy_C_UAID_B07D6414A2B1422602_1332291239 Label:EmberEnemy SpatiallyLoaded:1 Bounds:IsValid=true, Min=(X=478.000 Y=1428.000 Z=159.500), Max=(X=602.000 Y=1492.000 Z=280.500) RuntimeGrid:None EditorOnly:0 RuntimeOnly:0 HLODRelevant:0 ListedInSceneOutliner:1 IsMainWorldOnly:0
 |   |   |- Guid:ED702DEB4F4A6D94A5DB4F9C337C2079 BaseClass: NativeClass:/Script/Engine.TextRenderActor Name:TextRenderActor_0 Label:TextRenderActor SpatiallyLoaded:1 Bounds:IsValid=true, Min=(X=-0.100 Y=1100.000 Z=65.013), Max=(X=-0.100 Y=2225.000 Z=215.013) RuntimeGrid:None EditorOnly:0 RuntimeOnly:0 HLODRelevant:0 ListedInSceneOutliner:1 IsMainWorldOnly:0
 |   |   |- Guid:F33CC5014C49925B3A9D52A063AF483F BaseClass: NativeClass:/Script/Engine.PlayerStart Name:PlayerStart_0 Label:PlayerStart SpatiallyLoaded:0 Bounds:IsValid=true, Min=(X=960.000 Y=1770.000 Z=0.013), Max=(X=1040.000 Y=1850.000 Z=184.013) RuntimeGrid:None EditorOnly:0 RuntimeOnly:0 HLODRelevant:0 ListedInSceneOutliner:1 IsMainWorldOnly:0
 |   |   |- Guid:FAD59E8D452F8868D07419BED3562CC5 BaseClass:/Game/Blueprints/EmberEnemy.EmberEnemy_C NativeClass:/Script/Engine.Actor Name:EmberEnemy_C_UAID_B07D6414A2B1422602_1640626246 Label:EmberEnemy7 SpatiallyLoaded:1 Bounds:IsValid=true, Min=(X=1148.000 Y=1528.000 Z=-110.500), Max=(X=1272.000 Y=1592.000 Z=10.500) RuntimeGrid:None EditorOnly:0 RuntimeOnly:0 HLODRelevant:0 ListedInSceneOutliner:1 IsMainWorldOnly:0
 |   |- [+] Clusters:
 |   |   |- [+] [  0]
 |   |   |   |- Guid:147C8D134B12D635012D5F8C57D2C96F BaseClass: NativeClass:/Script/Engine.PostProcessVolume Name:PostProcessVolume_1 Label:PostProcessVolume SpatiallyLoaded:0 Bounds:IsValid=true, Min=(X=0.000 Y=0.000 Z=400.000), Max=(X=200.000 Y=200.000 Z=600.000) RuntimeGrid:None EditorOnly:0 RuntimeOnly:0 HLODRelevant:0 ListedInSceneOutliner:1 IsMainWorldOnly:0 FolderPath:Lighting FolderGuid:4C9334684BA61B42C769F799D2576455
 |   |   |- [+] [  1]
 |   |   |   |- Guid:1742DF43475F097453197AA79C7473D9 BaseClass: NativeClass:/Script/Engine.SkyLight Name:SkyLight_1 Label:SkyLight SpatiallyLoaded:0 Bounds:IsValid=true, Min=(X=0.000 Y=0.000 Z=690.000), Max=(X=0.000 Y=0.000 Z=690.000) RuntimeGrid:None EditorOnly:0 RuntimeOnly:0 HLODRelevant:0 ListedInSceneOutliner:1 IsMainWorldOnly:0 FolderPath:Lighting FolderGuid:4C9334684BA61B42C769F799D2576455
 |   |   |- [+] [  2]
 |   |   |   |- Guid:1FEC8FAC495CEF0CE32492ADCBB96BAE BaseClass: NativeClass:/Script/AIModule.NavLinkProxy Name:NavLinkProxy_3 Label:NavLinkProxy3 SpatiallyLoaded:1 Bounds:IsValid=true, Min=(X=2240.000 Y=1030.000 Z=90.000), Max=(X=2240.000 Y=1030.000 Z=90.000) RuntimeGrid:None EditorOnly:0 RuntimeOnly:0 HLODRelevant:0 ListedInSceneOutliner:1 IsMainWorldOnly:0 FolderPath:Navigation FolderGuid:AE45D61F453CC144CF8289862C276E89
 |   |   |- [+] [  3]
 |   |   |   |- Guid:2169CB5C470E0E674279BA96829753DD BaseClass: NativeClass:/Script/Engine.StaticMeshActor Name:StaticMeshActor_17 Label:SM_Cube SpatiallyLoaded:1 Bounds:IsValid=true, Min=(X=0.000 Y=0.000 Z=-50.000), Max=(X=3000.000 Y=3500.000 Z=0.000) RuntimeGrid:None EditorOnly:0 RuntimeOnly:0 HLODRelevant:1 ListedInSceneOutliner:1 IsMainWorldOnly:0 FolderPath:Playground FolderGuid:9FE5E8B349AF71F05F2688921F3F2AC5
 |   |   |- [+] [  4]
 |   |   |   |- Guid:2DF0D95440BE0EDA81652F860DC7268E BaseClass: NativeClass:/Script/Engine.WorldDataLayers Name:WorldDataLayers Label:WorldDataLayers SpatiallyLoaded:0 Bounds:Invalid RuntimeGrid:None EditorOnly:0 RuntimeOnly:0 HLODRelevant:0 ListedInSceneOutliner:1 IsMainWorldOnly:1
 |   |   |- [+] [  5]
 |   |   |   |- Guid:6252C7D64ACF162A73EE65B11FE214D1 BaseClass: NativeClass:/Script/Engine.SkyAtmosphere Name:SkyAtmosphere_1 Label:SkyAtmosphere SpatiallyLoaded:0 Bounds:IsValid=true, Min=(X=0.000 Y=0.000 Z=1020.000), Max=(X=0.000 Y=0.000 Z=1020.000) RuntimeGrid:None EditorOnly:0 RuntimeOnly:0 HLODRelevant:0 ListedInSceneOutliner:1 IsMainWorldOnly:0 FolderPath:Lighting FolderGuid:4C9334684BA61B42C769F799D2576455
 |   |   |- [+] [  6]
 |   |   |   |- Guid:66BCBF874D2A22ADC6523B95EE812CA3 BaseClass: NativeClass:/Script/Engine.StaticMeshActor Name:StaticMeshActor_UAID_A4AE111137DC5CFB00_1660657071 Label:SM_SkySphere SpatiallyLoaded:0 Bounds:IsValid=true, Min=(X=-1638400.000 Y=-1638400.000 Z=-1638400.000), Max=(X=1638400.000 Y=1638400.000 Z=1638400.000) RuntimeGrid:None EditorOnly:0 RuntimeOnly:0 HLODRelevant:0 ListedInSceneOutliner:1 IsMainWorldOnly:0 FolderPath:Lighting FolderGuid:4C9334684BA61B42C769F799D2576455
 |   |   |- [+] [  7]
 |   |   |   |- Guid:6D754A384D34A5B325958C9A02B19C76 BaseClass:/Game/Blueprints/EmberEnemy.EmberEnemy_C NativeClass:/Script/Engine.Actor Name:EmberEnemy_C_UAID_B07D6414A2B1402602_1432046887 Label:EmberEnemy SpatiallyLoaded:1 Bounds:IsValid=true, Min=(X=688.000 Y=1368.000 Z=9.500), Max=(X=812.000 Y=1432.000 Z=130.500) RuntimeGrid:None EditorOnly:0 RuntimeOnly:0 HLODRelevant:0 ListedInSceneOutliner:1 IsMainWorldOnly:0
 |   |   |- [+] [  8]
 |   |   |   |- Guid:77F893B3468595EE782136AD620D7EF4 BaseClass: NativeClass:/Script/Engine.VolumetricCloud Name:VolumetricCloud_0 Label:VolumetricCloud SpatiallyLoaded:0 Bounds:IsValid=true, Min=(X=0.000 Y=0.000 Z=820.000), Max=(X=0.000 Y=0.000 Z=820.000) RuntimeGrid:None EditorOnly:0 RuntimeOnly:0 HLODRelevant:0 ListedInSceneOutliner:1 IsMainWorldOnly:0 FolderPath:Lighting FolderGuid:4C9334684BA61B42C769F799D2576455
 |   |   |- [+] [  9]
 |   |   |   |- Guid:9F14FC6C49373B30142127A6998E5977 BaseClass:/Game/Blueprints/EmberEnemy.EmberEnemy_C NativeClass:/Script/Engine.Actor Name:EmberEnemy_C_UAID_B07D6414A2B1422602_1629644242 Label:EmberEnemy3 SpatiallyLoaded:1 Bounds:IsValid=true, Min=(X=1178.000 Y=1738.000 Z=119.500), Max=(X=1302.000 Y=1802.000 Z=240.500) RuntimeGrid:None EditorOnly:0 RuntimeOnly:0 HLODRelevant:0 ListedInSceneOutliner:1 IsMainWorldOnly:0
 |   |   |- [+] [ 10]
 |   |   |   |- Guid:A2340B5E4BBC3643EE017887A4711F8F BaseClass:/Game/Blueprints/EmberEnemy.EmberEnemy_C NativeClass:/Script/Engine.Actor Name:EmberEnemy_C_UAID_B07D6414A2B1422602_1637730245 Label:EmberEnemy6 SpatiallyLoaded:1 Bounds:IsValid=true, Min=(X=648.000 Y=1738.000 Z=89.500), Max=(X=772.000 Y=1802.000 Z=210.500) RuntimeGrid:None EditorOnly:0 RuntimeOnly:0 HLODRelevant:0 ListedInSceneOutliner:1 IsMainWorldOnly:0
 |   |   |- [+] [ 11]
 |   |   |   |- Guid:AD22B6514F28D2D0811912A5AA8B5FD0 BaseClass:/Game/Blueprints/EmberEnemy.EmberEnemy_C NativeClass:/Script/Engine.Actor Name:EmberEnemy_C_UAID_B07D6414A2B1422602_1609545241 Label:EmberEnemy2 SpatiallyLoaded:1 Bounds:IsValid=true, Min=(X=8.000 Y=2498.000 Z=549.500), Max=(X=132.000 Y=2562.000 Z=670.500) RuntimeGrid:None EditorOnly:0 RuntimeOnly:0 HLODRelevant:0 ListedInSceneOutliner:1 IsMainWorldOnly:0
 |   |   |- [+] [ 12]
 |   |   |   |- Guid:AECEEEE741E6DE68F6843FA49564A956 BaseClass: NativeClass:/Script/Engine.DirectionalLight Name:DirectionalLight_1 Label:DirectionalLight SpatiallyLoaded:0 Bounds:Invalid RuntimeGrid:None EditorOnly:0 RuntimeOnly:0 HLODRelevant:0 ListedInSceneOutliner:1 IsMainWorldOnly:0 FolderPath:Lighting FolderGuid:4C9334684BA61B42C769F799D2576455
 |   |   |- [+] [ 13]
 |   |   |   |- Guid:C279966F476A371ACD39748AC01DE4A1 BaseClass:/Game/Blueprints/EmberEnemy.EmberEnemy_C NativeClass:/Script/Engine.Actor Name:EmberEnemy_C_UAID_B07D6414A2B1422602_1634708244 Label:EmberEnemy5 SpatiallyLoaded:1 Bounds:IsValid=true, Min=(X=1368.000 Y=1628.000 Z=159.500), Max=(X=1492.000 Y=1692.000 Z=280.500) RuntimeGrid:None EditorOnly:0 RuntimeOnly:0 HLODRelevant:0 ListedInSceneOutliner:1 IsMainWorldOnly:0
 |   |   |- [+] [ 14]
 |   |   |   |- Guid:C99D8C944A3A0D1C7B7F6287DA1A2BCF BaseClass:/Game/Blueprints/EmberEnemy.EmberEnemy_C NativeClass:/Script/Engine.Actor Name:EmberEnemy_C_UAID_B07D6414A2B1422602_1632060243 Label:EmberEnemy4 SpatiallyLoaded:1 Bounds:IsValid=true, Min=(X=818.000 Y=1188.000 Z=179.500), Max=(X=942.000 Y=1252.000 Z=300.500) RuntimeGrid:None EditorOnly:0 RuntimeOnly:0 HLODRelevant:0 ListedInSceneOutliner:1 IsMainWorldOnly:0
 |   |   |- [+] [ 15]
 |   |   |   |- Guid:CCDD89584E0A9025F52AEDA51D60CA54 BaseClass: NativeClass:/Script/NavigationSystem.NavMeshBoundsVolume Name:NavMeshBoundsVolume_1 Label:NavMeshBoundsVolume SpatiallyLoaded:0 Bounds:IsValid=true, Min=(X=-100.000 Y=-100.000 Z=-110.000), Max=(X=3100.000 Y=3600.000 Z=390.000) RuntimeGrid:None EditorOnly:0 RuntimeOnly:0 HLODRelevant:0 ListedInSceneOutliner:1 IsMainWorldOnly:0 FolderPath:Navigation FolderGuid:AE45D61F453CC144CF8289862C276E89
 |   |   |- [+] [ 16]
 |   |   |   |- Guid:D24D61B944EF71BE7BC469B7EB239299 BaseClass: NativeClass:/Script/Engine.ExponentialHeightFog Name:ExponentialHeightFog_1 Label:ExponentialHeightFog SpatiallyLoaded:0 Bounds:IsValid=true, Min=(X=-5600.000 Y=-50.000 Z=-6850.000), Max=(X=-5600.000 Y=-50.000 Z=-6850.000) RuntimeGrid:None EditorOnly:0 RuntimeOnly:0 HLODRelevant:0 ListedInSceneOutliner:1 IsMainWorldOnly:0 FolderPath:Lighting FolderGuid:4C9334684BA61B42C769F799D2576455
 |   |   |- [+] [ 17]
 |   |   |   |- Guid:DA1A21F4409032F20ED4E9935A7C4244 BaseClass:/Game/Blueprints/EmberEnemy.EmberEnemy_C NativeClass:/Script/Engine.Actor Name:EmberEnemy_C_UAID_B07D6414A2B1422602_1644269247 Label:EmberEnemy8 SpatiallyLoaded:1 Bounds:IsValid=true, Min=(X=928.000 Y=2088.000 Z=129.500), Max=(X=1052.000 Y=2152.000 Z=250.500) RuntimeGrid:None EditorOnly:0 RuntimeOnly:0 HLODRelevant:0 ListedInSceneOutliner:1 IsMainWorldOnly:0
 |   |   |- [+] [ 18]
 |   |   |   |- Guid:E559C66348F73FF198BF459A827C297A BaseClass:/Game/Blueprints/EmberEnemy.EmberEnemy_C NativeClass:/Script/Engine.Actor Name:EmberEnemy_C_UAID_B07D6414A2B1422602_1332291239 Label:EmberEnemy SpatiallyLoaded:1 Bounds:IsValid=true, Min=(X=478.000 Y=1428.000 Z=159.500), Max=(X=602.000 Y=1492.000 Z=280.500) RuntimeGrid:None EditorOnly:0 RuntimeOnly:0 HLODRelevant:0 ListedInSceneOutliner:1 IsMainWorldOnly:0
 |   |   |- [+] [ 19]
 |   |   |   |- Guid:ED702DEB4F4A6D94A5DB4F9C337C2079 BaseClass: NativeClass:/Script/Engine.TextRenderActor Name:TextRenderActor_0 Label:TextRenderActor SpatiallyLoaded:1 Bounds:IsValid=true, Min=(X=-0.100 Y=1100.000 Z=65.013), Max=(X=-0.100 Y=2225.000 Z=215.013) RuntimeGrid:None EditorOnly:0 RuntimeOnly:0 HLODRelevant:0 ListedInSceneOutliner:1 IsMainWorldOnly:0
 |   |   |- [+] [ 20]
 |   |   |   |- Guid:F33CC5014C49925B3A9D52A063AF483F BaseClass: NativeClass:/Script/Engine.PlayerStart Name:PlayerStart_0 Label:PlayerStart SpatiallyLoaded:0 Bounds:IsValid=true, Min=(X=960.000 Y=1770.000 Z=0.013), Max=(X=1040.000 Y=1850.000 Z=184.013) RuntimeGrid:None EditorOnly:0 RuntimeOnly:0 HLODRelevant:0 ListedInSceneOutliner:1 IsMainWorldOnly:0
 |   |   |- [+] [ 21]
 |   |   |   |- Guid:FAD59E8D452F8868D07419BED3562CC5 BaseClass:/Game/Blueprints/EmberEnemy.EmberEnemy_C NativeClass:/Script/Engine.Actor Name:EmberEnemy_C_UAID_B07D6414A2B1422602_1640626246 Label:EmberEnemy7 SpatiallyLoaded:1 Bounds:IsValid=true, Min=(X=1148.000 Y=1528.000 Z=-110.500), Max=(X=1272.000 Y=1592.000 Z=10.500) RuntimeGrid:None EditorOnly:0 RuntimeOnly:0 HLODRelevant:0 ListedInSceneOutliner:1 IsMainWorldOnly:0
 |- ContainerInstances:
 |- [+] MainContainer:
 |   |-        ID: 00000000000000000000000000000000
 |   |-  ParentID: 00000000000000000000000000000000
 |   |-    Bounds: IsValid=false, Min=(X=0.000 Y=0.000 Z=0.000), Max=(X=0.000 Y=0.000 Z=0.000)
 |   |- Transform: 0.000000,0.000000,0.000000|0.000000,0.000000,-0.000000|1.000000,1.000000,1.000000
 |   |- Container: /Game/Levels/TopDownMap
----------------------------------------------------------------------------------------------------------------
TopDownMap - Persistent Level
----------------------------------------------------------------------------------------------------------------
[+] Content of TopDownMap Persistent Level
 |- Always loaded Actor Count: 22 
 |- Actor Path: /Game/Levels/TopDownMap.TopDownMap:PersistentLevel.DirectionalLight_1
 |- Actor Package: /Game/__ExternalActors__/Levels/TopDownMap/4/CJ/5KC1CUS30MN9L8M2UT15EX
 |- Actor Path: /Game/Levels/TopDownMap.TopDownMap:PersistentLevel.EmberEnemy_C_UAID_B07D6414A2B1402602_1432046887
 |- Actor Package: /Game/__ExternalActors__/Levels/TopDownMap/7/3D/1FGIL99ZM9SGSE7M9WFA52
 |- Actor Path: /Game/Levels/TopDownMap.TopDownMap:PersistentLevel.EmberEnemy_C_UAID_B07D6414A2B1422602_1332291239
 |- Actor Package: /Game/__ExternalActors__/Levels/TopDownMap/5/9S/LEF8XFTIIOD4V59CWJBOXV
 |- Actor Path: /Game/Levels/TopDownMap.TopDownMap:PersistentLevel.EmberEnemy_C_UAID_B07D6414A2B1422602_1609545241
 |- Actor Package: /Game/__ExternalActors__/Levels/TopDownMap/A/MO/BLESUD6DG0E2VSEKLD5UDW
 |- Actor Path: /Game/Levels/TopDownMap.TopDownMap:PersistentLevel.EmberEnemy_C_UAID_B07D6414A2B1422602_1629644242
 |- Actor Package: /Game/__ExternalActors__/Levels/TopDownMap/A/DA/QKKZRFTHNX54M87H39RZQ8
 |- Actor Path: /Game/Levels/TopDownMap.TopDownMap:PersistentLevel.EmberEnemy_C_UAID_B07D6414A2B1422602_1632060243
 |- Actor Package: /Game/__ExternalActors__/Levels/TopDownMap/1/R9/CASACFN24TVQ03SE94J2VU
 |- Actor Path: /Game/Levels/TopDownMap.TopDownMap:PersistentLevel.EmberEnemy_C_UAID_B07D6414A2B1422602_1634708244
 |- Actor Package: /Game/__ExternalActors__/Levels/TopDownMap/E/FA/O0ZUZ210OZEEO13QB8TK2Q
 |- Actor Path: /Game/Levels/TopDownMap.TopDownMap:PersistentLevel.EmberEnemy_C_UAID_B07D6414A2B1422602_1637730245
 |- Actor Package: /Game/__ExternalActors__/Levels/TopDownMap/0/JS/PZARDI3KU5SFC268PF6KND
 |- Actor Path: /Game/Levels/TopDownMap.TopDownMap:PersistentLevel.EmberEnemy_C_UAID_B07D6414A2B1422602_1640626246
 |- Actor Package: /Game/__ExternalActors__/Levels/TopDownMap/B/3A/Y2AGMJT39KPMG2OFNFB48Z
 |- Actor Path: /Game/Levels/TopDownMap.TopDownMap:PersistentLevel.EmberEnemy_C_UAID_B07D6414A2B1422602_1644269247
 |- Actor Package: /Game/__ExternalActors__/Levels/TopDownMap/4/5L/AADFINN0BIISGFEV965Q1D
 |- Actor Path: /Game/Levels/TopDownMap.TopDownMap:PersistentLevel.ExponentialHeightFog_1
 |- Actor Package: /Game/__ExternalActors__/Levels/TopDownMap/1/KK/XSUV0V6GPS8IVNZW97NI0I
 |- Actor Path: /Game/Levels/TopDownMap.TopDownMap:PersistentLevel.NavLinkProxy_3
 |- Actor Package: /Game/__ExternalActors__/Levels/TopDownMap/D/2M/N6XH3DHR3244DC1NW9Z1EH
 |- Actor Path: /Game/Levels/TopDownMap.TopDownMap:PersistentLevel.NavMeshBoundsVolume_1
 |- Actor Package: /Game/__ExternalActors__/Levels/TopDownMap/0/HQ/3JFN5CGN8L7ML1ABS0ZN4S
 |- Actor Path: /Game/Levels/TopDownMap.TopDownMap:PersistentLevel.PlayerStart_0
 |- Actor Package: /Game/__ExternalActors__/Levels/TopDownMap/2/E1/3HAJ6UB4VYR4LWQKSZL2X2
 |- Actor Path: /Game/Levels/TopDownMap.TopDownMap:PersistentLevel.PostProcessVolume_1
 |- Actor Package: /Game/__ExternalActors__/Levels/TopDownMap/7/H3/8RF5AY3JU8YEBD448DPSI0
 |- Actor Path: /Game/Levels/TopDownMap.TopDownMap:PersistentLevel.SkyAtmosphere_1
 |- Actor Package: /Game/__ExternalActors__/Levels/TopDownMap/2/YY/XTOVO3S7FQCE9C8DH2OEH9
 |- Actor Path: /Game/Levels/TopDownMap.TopDownMap:PersistentLevel.SkyLight_1
 |- Actor Package: /Game/__ExternalActors__/Levels/TopDownMap/E/94/HNW417AZFFZBYQ1CIWJC1S
 |- Actor Path: /Game/Levels/TopDownMap.TopDownMap:PersistentLevel.StaticMeshActor_17
 |- Actor Package: /Game/__ExternalActors__/Levels/TopDownMap/7/MZ/989SNAMGWNUK9HFCRQ44E5
 |- Actor Path: /Game/Levels/TopDownMap.TopDownMap:PersistentLevel.StaticMeshActor_UAID_A4AE111137DC5CFB00_1660657071
 |- Actor Package: /Game/__ExternalActors__/Levels/TopDownMap/4/VM/JSJALOI26EDXZDOMDFG592
 |- Actor Path: /Game/Levels/TopDownMap.TopDownMap:PersistentLevel.TextRenderActor_0
 |- Actor Package: /Game/__ExternalActors__/Levels/TopDownMap/4/3Z/HG9A40XRJZ80TOCRAJPU5T
 |- Actor Path: /Game/Levels/TopDownMap.TopDownMap:PersistentLevel.VolumetricCloud_0
 |- Actor Package: /Game/__ExternalActors__/Levels/TopDownMap/5/8Z/T7HLIG866LKBWGUY3A2HT7
 |- Actor Path: /Game/Levels/TopDownMap.TopDownMap:PersistentLevel.WorldDataLayers
 |- Actor Package: /Game/__ExternalActors__/Levels/TopDownMap/E/JT/TK3XXYW5RPTXR1QHBXY6HE

----------------------------------------------------------------------------------------------------------------
TopDownMap - Runtime Hash Set
----------------------------------------------------------------------------------------------------------------

